<?xml version="1.0" encoding="UTF-8"?>
<testsuite xmlns:xsi="http://www.w3.org/2001/XMLSchema-instance" xsi:noNamespaceSchemaLocation="https://maven.apache.org/surefire/maven-surefire-plugin/xsd/surefire-test-report-3.0.xsd" version="3.0" name="com.lab1map.AlunoTest" time="0.044" tests="4" errors="0" skipped="0" failures="0">
  <properties>
[...]
</properties>
  <testcase name="testAdicionarDisciplina" classname="com.lab1map.AlunoTest" time="0.018"/>
  <testcase name="testToString" classname="com.lab1map.AlunoTest" time="0.006"/>
  <testcase name="testCriacaoAluno" classname="com.lab1map.AlunoTest" time="0.001"/>
  <testcase name="testEqualsAndHashCode" classname="com.lab1map.AlunoTest" time="0.001"/>
</testsuite>